<?xml version="1.0" encoding="UTF-8"?>
<!-- Generated by org.testng.reporters.JUnitXMLReporter -->
<testsuite hostname="LAPTOP-IIKUET1Q" ignored="0" name="Module1" tests="4" failures="0" timestamp="2020-07-25T20:56:51 EDT" time="69.247" errors="0">
  <testcase name="createCustomerTest" time="7.51" classname="com.selenium.basic.TestNG.CreateCustomerTestUsingTestnG"/>
  <testcase name="createCustomerTest" time="7.442" classname="com.selenium.basic.TestNG.CreateCustomerTestUsingTestnG"/>
  <testcase name="createCustomerTest" time="7.455" classname="com.selenium.basic.TestNG.CreateCustomerTestUsingTestnG"/>
  <testcase name="createProjectTest" time="0.001" classname="com.selenium.basic.TestNG.CreateCustomerTestUsingTestnG"/>
</testsuite> <!-- Module1 -->
