<?xml version="1.0" encoding="UTF-8"?>
<!-- Generated by org.testng.reporters.JUnitXMLReporter -->
<testsuite hostname="LAPTOP-IIKUET1Q" ignored="0" name="test3" tests="4" failures="0" timestamp="2020-07-18T15:37:55 EDT" time="0.011" errors="0">
  <testcase name="lauchTest" time="0.0" classname="com.selenium.basic.TestNG.OrderOfEXecutionByDependsOn"/>
  <testcase name="loginTest" time="0.001" classname="com.selenium.basic.TestNG.OrderOfEXecutionByDependsOn"/>
  <testcase name="createCustomerTest" time="0.001" classname="com.selenium.basic.TestNG.OrderOfEXecutionByDependsOn"/>
  <testcase name="logoutTest" time="0.001" classname="com.selenium.basic.TestNG.OrderOfEXecutionByDependsOn"/>
</testsuite> <!-- test3 -->
