<?xml version="1.0" encoding="UTF-8"?>
<testng-results skipped="0" failed="1" ignored="0" total="4" passed="3">
  <reporter-output>
  </reporter-output>
  <suite name="Default suite" duration-ms="62006" started-at="2020-08-09T12:18:36 EDT" finished-at="2020-08-09T12:19:38 EDT">
    <groups>
    </groups>
    <test name="Default test" duration-ms="62006" started-at="2020-08-09T12:18:36 EDT" finished-at="2020-08-09T12:19:38 EDT">
      <class name="com.Selenium.actitime.test.CreateCustomerUsingTestNG">
        <test-method status="PASS" signature="launchAndLogin()[pri:0, instance:com.Selenium.actitime.test.CreateCustomerUsingTestNG@56235b8e]" name="launchAndLogin" is-config="true" duration-ms="11497" started-at="2020-08-09T12:18:36 EDT" finished-at="2020-08-09T12:18:47 EDT">
          <reporter-output>
          </reporter-output>
        </test-method> <!-- launchAndLogin -->
        <test-method status="PASS" signature="createCustomer(java.lang.String, java.lang.String)[pri:1, instance:com.Selenium.actitime.test.CreateCustomerUsingTestNG@56235b8e]" name="createCustomer" duration-ms="7084" started-at="2020-08-09T12:18:47 EDT" data-provider="createCustomer" finished-at="2020-08-09T12:18:54 EDT">
          <params>
            <param index="0">
              <value>
                <![CDATA[TNG-May03-Customer0001511]]>
              </value>
            </param>
            <param index="1">
              <value>
                <![CDATA[TNG-May03-Customer-Desc0001511]]>
              </value>
            </param>
          </params>
          <reporter-output>
          </reporter-output>
        </test-method> <!-- createCustomer -->
        <test-method status="PASS" signature="createCustomer(java.lang.String, java.lang.String)[pri:1, instance:com.Selenium.actitime.test.CreateCustomerUsingTestNG@56235b8e]" name="createCustomer" duration-ms="6393" started-at="2020-08-09T12:18:54 EDT" data-provider="createCustomer" finished-at="2020-08-09T12:19:01 EDT">
          <params>
            <param index="0">
              <value>
                <![CDATA[TNG-May03-Customer0001411]]>
              </value>
            </param>
            <param index="1">
              <value>
                <![CDATA[TNG-May03-Customer-Desc0001411]]>
              </value>
            </param>
          </params>
          <reporter-output>
          </reporter-output>
        </test-method> <!-- createCustomer -->
        <test-method status="PASS" signature="DeleteCustomer(java.lang.String, java.lang.String)[pri:2, instance:com.Selenium.actitime.test.CreateCustomerUsingTestNG@56235b8e]" name="DeleteCustomer" duration-ms="18518" started-at="2020-08-09T12:19:01 EDT" data-provider="createCustomer" finished-at="2020-08-09T12:19:19 EDT">
          <params>
            <param index="0">
              <value>
                <![CDATA[TNG-May03-Customer0001511]]>
              </value>
            </param>
            <param index="1">
              <value>
                <![CDATA[TNG-May03-Customer-Desc0001511]]>
              </value>
            </param>
          </params>
          <reporter-output>
          </reporter-output>
        </test-method> <!-- DeleteCustomer -->
        <test-method status="FAIL" signature="DeleteCustomer(java.lang.String, java.lang.String)[pri:2, instance:com.Selenium.actitime.test.CreateCustomerUsingTestNG@56235b8e]" name="DeleteCustomer" duration-ms="18231" started-at="2020-08-09T12:19:19 EDT" data-provider="createCustomer" finished-at="2020-08-09T12:19:38 EDT">
          <params>
            <param index="0">
              <value>
                <![CDATA[TNG-May03-Customer0001411]]>
              </value>
            </param>
            <param index="1">
              <value>
                <![CDATA[TNG-May03-Customer-Desc0001411]]>
              </value>
            </param>
          </params>
          <exception class="org.openqa.selenium.NoSuchElementException">
            <message>
              <![CDATA[no such element: Unable to locate element: {"method":"xpath","selector":"//div[@class='filteredContainer']//div[@class='itemsContainer']//div[@class='node customerNode notSelected']"}
  (Session info: chrome=84.0.4147.105)
For documentation on this error, please visit: https://www.seleniumhq.org/exceptions/no_such_element.html
Build info: version: '3.141.59', revision: 'e82be7d358', time: '2018-11-14T08:17:03'
System info: host: 'LAPTOP-IIKUET1Q', ip: '192.168.1.199', os.name: 'Windows 10', os.arch: 'amd64', os.version: '10.0', java.version: '1.8.0_251'
Driver info: org.openqa.selenium.chrome.ChromeDriver
Capabilities {acceptInsecureCerts: false, browserName: chrome, browserVersion: 84.0.4147.105, chrome: {chromedriverVersion: 83.0.4103.39 (ccbf011cb2d2b..., userDataDir: C:\Users\Sheetal\AppData\Lo...}, goog:chromeOptions: {debuggerAddress: localhost:63435}, javascriptEnabled: true, networkConnectionEnabled: false, pageLoadStrategy: normal, platform: WINDOWS, platformName: WINDOWS, proxy: Proxy(), setWindowRect: true, strictFileInteractability: false, timeouts: {implicit: 0, pageLoad: 300000, script: 30000}, unhandledPromptBehavior: dismiss and notify, webauthn:virtualAuthenticators: true}
Session ID: 17bfb7ec9b0516aa9ce06e29b3d11626
*** Element info: {Using=xpath, value=//div[@class='filteredContainer']//div[@class='itemsContainer']//div[@class='node customerNode notSelected']}]]>
            </message>
            <full-stacktrace>
              <![CDATA[org.openqa.selenium.NoSuchElementException: no such element: Unable to locate element: {"method":"xpath","selector":"//div[@class='filteredContainer']//div[@class='itemsContainer']//div[@class='node customerNode notSelected']"}
  (Session info: chrome=84.0.4147.105)
For documentation on this error, please visit: https://www.seleniumhq.org/exceptions/no_such_element.html
Build info: version: '3.141.59', revision: 'e82be7d358', time: '2018-11-14T08:17:03'
System info: host: 'LAPTOP-IIKUET1Q', ip: '192.168.1.199', os.name: 'Windows 10', os.arch: 'amd64', os.version: '10.0', java.version: '1.8.0_251'
Driver info: org.openqa.selenium.chrome.ChromeDriver
Capabilities {acceptInsecureCerts: false, browserName: chrome, browserVersion: 84.0.4147.105, chrome: {chromedriverVersion: 83.0.4103.39 (ccbf011cb2d2b..., userDataDir: C:\Users\Sheetal\AppData\Lo...}, goog:chromeOptions: {debuggerAddress: localhost:63435}, javascriptEnabled: true, networkConnectionEnabled: false, pageLoadStrategy: normal, platform: WINDOWS, platformName: WINDOWS, proxy: Proxy(), setWindowRect: true, strictFileInteractability: false, timeouts: {implicit: 0, pageLoad: 300000, script: 30000}, unhandledPromptBehavior: dismiss and notify, webauthn:virtualAuthenticators: true}
Session ID: 17bfb7ec9b0516aa9ce06e29b3d11626
*** Element info: {Using=xpath, value=//div[@class='filteredContainer']//div[@class='itemsContainer']//div[@class='node customerNode notSelected']}
at sun.reflect.NativeConstructorAccessorImpl.newInstance0(Native Method)
at sun.reflect.NativeConstructorAccessorImpl.newInstance(NativeConstructorAccessorImpl.java:62)
at sun.reflect.DelegatingConstructorAccessorImpl.newInstance(DelegatingConstructorAccessorImpl.java:45)
at java.lang.reflect.Constructor.newInstance(Constructor.java:423)
at org.openqa.selenium.remote.http.W3CHttpResponseCodec.createException(W3CHttpResponseCodec.java:187)
at org.openqa.selenium.remote.http.W3CHttpResponseCodec.decode(W3CHttpResponseCodec.java:122)
at org.openqa.selenium.remote.http.W3CHttpResponseCodec.decode(W3CHttpResponseCodec.java:49)
at org.openqa.selenium.remote.HttpCommandExecutor.execute(HttpCommandExecutor.java:158)
at org.openqa.selenium.remote.service.DriverCommandExecutor.execute(DriverCommandExecutor.java:83)
at org.openqa.selenium.remote.RemoteWebDriver.execute(RemoteWebDriver.java:552)
at org.openqa.selenium.remote.RemoteWebDriver.findElement(RemoteWebDriver.java:323)
at org.openqa.selenium.remote.RemoteWebDriver.findElementByXPath(RemoteWebDriver.java:428)
at org.openqa.selenium.By$ByXPath.findElement(By.java:353)
at org.openqa.selenium.remote.RemoteWebDriver.findElement(RemoteWebDriver.java:315)
at com.Selenium.actitime.util.DriverUtils.getElement(DriverUtils.java:98)
at com.Selenium.actitime.util.ActiTimeUtils.searchCustomerToDelete(ActiTimeUtils.java:122)
at com.Selenium.actitime.test.CreateCustomerUsingTestNG.DeleteCustomer(CreateCustomerUsingTestNG.java:38)
at sun.reflect.NativeMethodAccessorImpl.invoke0(Native Method)
at sun.reflect.NativeMethodAccessorImpl.invoke(NativeMethodAccessorImpl.java:62)
at sun.reflect.DelegatingMethodAccessorImpl.invoke(DelegatingMethodAccessorImpl.java:43)
at java.lang.reflect.Method.invoke(Method.java:498)
at org.testng.internal.MethodInvocationHelper.invokeMethod(MethodInvocationHelper.java:134)
at org.testng.internal.TestInvoker.invokeMethod(TestInvoker.java:597)
at org.testng.internal.TestInvoker.invokeTestMethod(TestInvoker.java:173)
at org.testng.internal.MethodRunner.runInSequence(MethodRunner.java:46)
at org.testng.internal.TestInvoker$MethodInvocationAgent.invoke(TestInvoker.java:816)
at org.testng.internal.TestInvoker.invokeTestMethods(TestInvoker.java:146)
at org.testng.internal.TestMethodWorker.invokeTestMethods(TestMethodWorker.java:146)
at org.testng.internal.TestMethodWorker.run(TestMethodWorker.java:128)
at java.util.ArrayList.forEach(ArrayList.java:1257)
at org.testng.TestRunner.privateRun(TestRunner.java:766)
at org.testng.TestRunner.run(TestRunner.java:587)
at org.testng.SuiteRunner.runTest(SuiteRunner.java:384)
at org.testng.SuiteRunner.runSequentially(SuiteRunner.java:378)
at org.testng.SuiteRunner.privateRun(SuiteRunner.java:337)
at org.testng.SuiteRunner.run(SuiteRunner.java:286)
at org.testng.SuiteRunnerWorker.runSuite(SuiteRunnerWorker.java:53)
at org.testng.SuiteRunnerWorker.run(SuiteRunnerWorker.java:96)
at org.testng.TestNG.runSuitesSequentially(TestNG.java:1187)
at org.testng.TestNG.runSuitesLocally(TestNG.java:1109)
at org.testng.TestNG.runSuites(TestNG.java:1039)
at org.testng.TestNG.run(TestNG.java:1007)
at org.apache.maven.surefire.testng.TestNGExecutor.run(TestNGExecutor.java:284)
at org.apache.maven.surefire.testng.TestNGXmlTestSuite.execute(TestNGXmlTestSuite.java:75)
at org.apache.maven.surefire.testng.TestNGProvider.invoke(TestNGProvider.java:119)
at org.apache.maven.surefire.booter.ForkedBooter.runSuitesInProcess(ForkedBooter.java:428)
at org.apache.maven.surefire.booter.ForkedBooter.execute(ForkedBooter.java:162)
at org.apache.maven.surefire.booter.ForkedBooter.run(ForkedBooter.java:562)
at org.apache.maven.surefire.booter.ForkedBooter.main(ForkedBooter.java:548)
]]>
            </full-stacktrace>
          </exception> <!-- org.openqa.selenium.NoSuchElementException -->
          <reporter-output>
          </reporter-output>
        </test-method> <!-- DeleteCustomer -->
        <test-method status="PASS" signature="logoutApp()[pri:0, instance:com.Selenium.actitime.test.CreateCustomerUsingTestNG@56235b8e]" name="logoutApp" is-config="true" duration-ms="247" started-at="2020-08-09T12:19:38 EDT" finished-at="2020-08-09T12:19:38 EDT">
          <reporter-output>
          </reporter-output>
        </test-method> <!-- logoutApp -->
      </class> <!-- com.Selenium.actitime.test.CreateCustomerUsingTestNG -->
    </test> <!-- Default test -->
  </suite> <!-- Default suite -->
</testng-results>
