<?xml version="1.0" encoding="UTF-8"?>
<!-- Generated by org.testng.reporters.JUnitXMLReporter -->
<testsuite hostname="LAPTOP-IIKUET1Q" ignored="8" name="GRP-cars" tests="1" failures="0" timestamp="2020-07-25T12:28:26 EDT" time="0.051" errors="0">
  <testcase name="Q6" time="0.008" classname="com.selenium.basic.TestNG.GroupsDemo"/>
  <testcase name="swift" time="0.0" classname="com.selenium.basic.TestNG.GroupsDemo">
    <ignored/>
  </testcase> <!-- swift -->
  <testcase name="Q1" time="0.0" classname="com.selenium.basic.TestNG.GroupsDemo">
    <ignored/>
  </testcase> <!-- Q1 -->
  <testcase name="ertiga" time="0.0" classname="com.selenium.basic.TestNG.GroupsDemo">
    <ignored/>
  </testcase> <!-- ertiga -->
  <testcase name="X6" time="0.0" classname="com.selenium.basic.TestNG.GroupsDemo">
    <ignored/>
  </testcase> <!-- X6 -->
  <testcase name="X1" time="0.0" classname="com.selenium.basic.TestNG.GroupsDemo">
    <ignored/>
  </testcase> <!-- X1 -->
  <testcase name="xuv500" time="0.0" classname="com.selenium.basic.TestNG.GroupsDemo">
    <ignored/>
  </testcase> <!-- xuv500 -->
  <testcase name="xuv300" time="0.0" classname="com.selenium.basic.TestNG.GroupsDemo">
    <ignored/>
  </testcase> <!-- xuv300 -->
  <testcase name="Q2" time="0.0" classname="com.selenium.basic.TestNG.GroupsDemo">
    <ignored/>
  </testcase> <!-- Q2 -->
</testsuite> <!-- GRP-cars -->
